INPUT PARAMETERS:
filename: data/minitest/3_TSC.el
outfile: results/TEST_results.txt
exp_name: 
reader_delimiter_:  
sim_measure_: 1
blocking_algo_: 5
force_fixed_size: 1
sim_use_groups_: 0
sim_use_pattern_: 1
pattern_only_: 1
reorder_by_degree_: 0
tau_: 0.9
col_block_size_: 128
row_block_size_: 128
verbose_: 1
seed_: 0
multiplication_algo: 3
B_cols: 2048
warmup_: 1
exp_repetitions_: 3
n_streams: 16
___________________
ell_blocksize = 128, ellColInd has dimensions 64 x 22, ellValues has dimensions 8192 x 2816
ell_blocksize = 128, ellColInd has dimensions 64 x 22, ellValues has dimensions 8192 x 2816
ell_blocksize = 128, ellColInd has dimensions 64 x 22, ellValues has dimensions 8192 x 2816
ell_blocksize = 128, ellColInd has dimensions 64 x 22, ellValues has dimensions 8192 x 2816
matrix,rows,cols,nonzeros,blocking_algo,tau,row_block_size,col_block_size,use_pattern,sim_use_groups,sim_measure,reorder,exp_name,b_cols,warmup,exp_repetitions,multiplication_algo,n_streams,time_to_block,time_to_merge,time_to_compare,VBR_nzcount,VBR_nzblocks_count,VBR_average_height,merge_counter,comparison_counter,average_merge_tau,average_row_distance,avg_time_multiply,std_time_multiply,
data/minitest/3_TSC.el,8141,8141,1012521,5,0.900000,128,128,1,0,1,0,,2048,1,3,3,16,322907.000000,200920.000000,322071.000000,11628969,714,127.285713,7655,55594,0.047290,68.051079,1.065867,0.000000,
