INPUT PARAMETERS:
filename: data/minitest/ia-wikiquote-user-edits-nodup.el
outfile: results/TEST_results.txt
exp_name: 
reader_delimiter_:  
sim_measure_: 1
blocking_algo_: 5
force_fixed_size: 1
sim_use_groups_: 0
sim_use_pattern_: 1
pattern_only_: 1
reorder_by_degree_: 0
tau_: 0.2
col_block_size_: 32
row_block_size_: 32
verbose_: 1
seed_: 0
multiplication_algo: 3
B_cols: 2048
warmup_: 1
exp_repetitions_: 3
n_streams: 16
___________________
ell_blocksize = 32, ellColInd has dimensions 676 x 2721, ellValues has dimensions 21632 x 87072
ell_blocksize = 32, ellColInd has dimensions 676 x 2721, ellValues has dimensions 21632 x 87072
ell_blocksize = 32, ellColInd has dimensions 676 x 2721, ellValues has dimensions 21632 x 87072
ell_blocksize = 32, ellColInd has dimensions 676 x 2721, ellValues has dimensions 21632 x 87072
matrix,rows,cols,nonzeros,blocking_algo,tau,row_block_size,col_block_size,use_pattern,sim_use_groups,sim_measure,reorder,exp_name,b_cols,warmup,exp_repetitions,multiplication_algo,n_streams,time_to_block,time_to_merge,time_to_compare,VBR_nzcount,VBR_nzblocks_count,VBR_average_height,merge_counter,comparison_counter,average_merge_tau,average_row_distance,avg_time_multiply,std_time_multiply,
data/minitest/ia-wikiquote-user-edits-nodup.el,21608,94757,238714,5,0.200000,32,32,1,0,1,0,,2048,1,3,3,16,14293379.000000,10335.000000,14282472.000000,40200648,39264,31.996332,390,6979891,0.001800,324.489746,160.274185,17.117243,
