INPUT PARAMETERS:
filename: data/minitest/ia-wikiquote-user-edits-nodup.el
outfile: results/TEST_results.txt
exp_name: 
reader_delimiter_:  
sim_measure_: 1
blocking_algo_: 5
force_fixed_size: 1
sim_use_groups_: 0
sim_use_pattern_: 1
pattern_only_: 1
reorder_by_degree_: 0
tau_: 0.3
col_block_size_: 16
row_block_size_: 16
verbose_: 1
seed_: 0
multiplication_algo: 4
B_cols: 4096
warmup_: 1
exp_repetitions_: 3
n_streams: 16
___________________
matrix,rows,cols,nonzeros,blocking_algo,tau,row_block_size,col_block_size,use_pattern,sim_use_groups,sim_measure,reorder,exp_name,b_cols,warmup,exp_repetitions,multiplication_algo,n_streams,time_to_block,time_to_merge,time_to_compare,VBR_nzcount,VBR_nzblocks_count,VBR_average_height,merge_counter,comparison_counter,average_merge_tau,average_row_distance,avg_time_multiply,std_time_multiply,
data/minitest/ia-wikiquote-user-edits-nodup.el,21608,94757,238714,5,0.300000,16,16,1,0,1,0,,4096,1,3,4,16,17150672.000000,39.000000,17127580.000000,14550936,56845,15.999156,514,14288031,0.000000,6.367704,260.860443,8.774964,
