INPUT PARAMETERS:
filename: data/minitest/social_location.el
outfile: results/TEST_results.txt
exp_name: 
reader_delimiter_:  
sim_measure_: 1
blocking_algo_: 5
force_fixed_size: 1
sim_use_groups_: 0
sim_use_pattern_: 1
pattern_only_: 1
reorder_by_degree_: 0
tau_: 0.4
col_block_size_: 16
row_block_size_: 16
verbose_: 1
seed_: 0
multiplication_algo: 3
B_cols: 4096
warmup_: 1
exp_repetitions_: 3
n_streams: 16
___________________
ell_blocksize = 16, ellColInd has dimensions 3640 x 664, ellValues has dimensions 58240 x 10624
ell_blocksize = 16, ellColInd has dimensions 3640 x 664, ellValues has dimensions 58240 x 10624
ell_blocksize = 16, ellColInd has dimensions 3640 x 664, ellValues has dimensions 58240 x 10624
ell_blocksize = 16, ellColInd has dimensions 3640 x 664, ellValues has dimensions 58240 x 10624
matrix,rows,cols,nonzeros,blocking_algo,tau,row_block_size,col_block_size,use_pattern,sim_use_groups,sim_measure,reorder,exp_name,b_cols,warmup,exp_repetitions,multiplication_algo,n_streams,time_to_block,time_to_merge,time_to_compare,VBR_nzcount,VBR_nzblocks_count,VBR_average_height,merge_counter,comparison_counter,average_merge_tau,average_row_distance,avg_time_multiply,std_time_multiply,
data/minitest/social_location.el,58226,58228,214078,5,0.400000,16,16,1,0,1,0,,4096,1,3,3,16,62591844.000000,753.000000,62078244.000000,21198664,82809,15.999831,26595,77384662,0.000485,1009.089966,268.507111,13.964240,
