INPUT PARAMETERS:
filename: data/minitest/0_mycielskian13.el
outfile: results/TEST_results.txt
exp_name: 
reader_delimiter_:  
sim_measure_: 1
blocking_algo_: 5
force_fixed_size: 1
sim_use_groups_: 0
sim_use_pattern_: 1
pattern_only_: 1
reorder_by_degree_: 0
tau_: 0.2
col_block_size_: 16
row_block_size_: 16
verbose_: 1
seed_: 0
multiplication_algo: 3
B_cols: 2048
warmup_: 1
exp_repetitions_: 3
n_streams: 16
___________________
ell_blocksize = 16, ellColInd has dimensions 384 x 219, ellValues has dimensions 6144 x 3504
ell_blocksize = 16, ellColInd has dimensions 384 x 219, ellValues has dimensions 6144 x 3504
ell_blocksize = 16, ellColInd has dimensions 384 x 219, ellValues has dimensions 6144 x 3504
ell_blocksize = 16, ellColInd has dimensions 384 x 219, ellValues has dimensions 6144 x 3504
matrix,rows,cols,nonzeros,blocking_algo,tau,row_block_size,col_block_size,use_pattern,sim_use_groups,sim_measure,reorder,exp_name,b_cols,warmup,exp_repetitions,multiplication_algo,n_streams,time_to_block,time_to_merge,time_to_compare,VBR_nzcount,VBR_nzblocks_count,VBR_average_height,merge_counter,comparison_counter,average_merge_tau,average_row_distance,avg_time_multiply,std_time_multiply,
data/minitest/0_mycielskian13.el,6144,6143,613871,5,0.200000,16,16,1,0,1,0,,2048,1,3,3,16,846276.000000,128767.000000,843001.000000,3629040,14176,16.000000,4944,188443,0.005657,81.388954,5.318368,0.000000,
