INPUT PARAMETERS:
filename: data/minitest/0_mycielskian13.el
outfile: results/TEST_results.txt
exp_name: 
reader_delimiter_:  
sim_measure_: 1
blocking_algo_: 4
force_fixed_size: 0
sim_use_groups_: 0
sim_use_pattern_: 1
pattern_only_: 1
reorder_by_degree_: 0
tau_: 0.7
col_block_size_: 64
row_block_size_: 1
verbose_: 1
seed_: 0
multiplication_algo: 4
B_cols: 2048
warmup_: 1
exp_repetitions_: 3
n_streams: 16
___________________
matrix,rows,cols,nonzeros,blocking_algo,tau,row_block_size,col_block_size,use_pattern,sim_use_groups,sim_measure,reorder,exp_name,b_cols,warmup,exp_repetitions,multiplication_algo,n_streams,time_to_block,time_to_merge,time_to_compare,VBR_nzcount,VBR_nzblocks_count,VBR_average_height,merge_counter,comparison_counter,average_merge_tau,average_row_distance,avg_time_multiply,std_time_multiply,
data/minitest/0_mycielskian13.el,6144,6143,613871,4,0.700000,1,64,1,0,1,0,,2048,1,3,4,16,275755.000000,211517.000000,275741.000000,14406527,195,1154.369263,6136,15949,0.246138,2693.481445,5.626347,0.000000,
