INPUT PARAMETERS:
filename: data/minitest/bcsstk18_r.el
outfile: results/TEST_results.txt
exp_name: 
reader_delimiter_:  
sim_measure_: 1
blocking_algo_: 5
force_fixed_size: 1
sim_use_groups_: 0
sim_use_pattern_: 1
pattern_only_: 1
reorder_by_degree_: 0
tau_: 0.5
col_block_size_: 16
row_block_size_: 16
verbose_: 1
seed_: 0
multiplication_algo: 3
B_cols: 8192
warmup_: 1
exp_repetitions_: 3
n_streams: 16
___________________
ell_blocksize = 16, ellColInd has dimensions 747 x 27, ellValues has dimensions 11952 x 432
ell_blocksize = 16, ellColInd has dimensions 747 x 27, ellValues has dimensions 11952 x 432
ell_blocksize = 16, ellColInd has dimensions 747 x 27, ellValues has dimensions 11952 x 432
ell_blocksize = 16, ellColInd has dimensions 747 x 27, ellValues has dimensions 11952 x 432
matrix,rows,cols,nonzeros,blocking_algo,tau,row_block_size,col_block_size,use_pattern,sim_use_groups,sim_measure,reorder,exp_name,b_cols,warmup,exp_repetitions,multiplication_algo,n_streams,time_to_block,time_to_merge,time_to_compare,VBR_nzcount,VBR_nzblocks_count,VBR_average_height,merge_counter,comparison_counter,average_merge_tau,average_row_distance,avg_time_multiply,std_time_multiply,
data/minitest/bcsstk18_r.el,11949,11949,80519,5,0.500000,16,16,1,0,1,0,,8192,1,3,3,16,2621246.000000,14368.000000,2567617.000000,1754976,6858,15.995625,5688,2904536,0.143420,93.536568,5.542155,0.000000,
