INPUT PARAMETERS:
filename: data/minitest/bcsstk18_r.el
outfile: results/TEST_results.txt
exp_name: 
reader_delimiter_:  
sim_measure_: 1
blocking_algo_: 5
force_fixed_size: 1
sim_use_groups_: 0
sim_use_pattern_: 1
pattern_only_: 1
reorder_by_degree_: 0
tau_: 0.7
col_block_size_: 128
row_block_size_: 128
verbose_: 1
seed_: 0
multiplication_algo: 4
B_cols: 8192
warmup_: 1
exp_repetitions_: 3
n_streams: 16
___________________
matrix,rows,cols,nonzeros,blocking_algo,tau,row_block_size,col_block_size,use_pattern,sim_use_groups,sim_measure,reorder,exp_name,b_cols,warmup,exp_repetitions,multiplication_algo,n_streams,time_to_block,time_to_merge,time_to_compare,VBR_nzcount,VBR_nzblocks_count,VBR_average_height,merge_counter,comparison_counter,average_merge_tau,average_row_distance,avg_time_multiply,std_time_multiply,
data/minitest/bcsstk18_r.el,11949,11949,80519,5,0.700000,128,128,1,0,1,0,,8192,1,3,4,16,801568.000000,16592.000000,790437.000000,11608553,712,127.533707,7195,536917,0.035918,123.352882,15.026475,0.000000,
