INPUT PARAMETERS:
filename: data/minitest/bcsstk18_r.el
outfile: results/TEST_results.txt
exp_name: 
reader_delimiter_:  
sim_measure_: 1
blocking_algo_: 5
force_fixed_size: 1
sim_use_groups_: 0
sim_use_pattern_: 1
pattern_only_: 1
reorder_by_degree_: 0
tau_: 0.9
col_block_size_: 64
row_block_size_: 64
verbose_: 1
seed_: 0
multiplication_algo: 4
B_cols: 4096
warmup_: 1
exp_repetitions_: 3
n_streams: 16
___________________
matrix,rows,cols,nonzeros,blocking_algo,tau,row_block_size,col_block_size,use_pattern,sim_use_groups,sim_measure,reorder,exp_name,b_cols,warmup,exp_repetitions,multiplication_algo,n_streams,time_to_block,time_to_merge,time_to_compare,VBR_nzcount,VBR_nzblocks_count,VBR_average_height,merge_counter,comparison_counter,average_merge_tau,average_row_distance,avg_time_multiply,std_time_multiply,
data/minitest/bcsstk18_r.el,11949,11949,80519,5,0.900000,64,64,1,0,1,0,,4096,1,3,4,16,938219.000000,20345.000000,921370.000000,6575337,1607,63.952705,8329,885802,0.067938,56.161484,10.230752,0.000000,
