INPUT PARAMETERS:
filename: data/minitest/ca-HepPh_r.el
outfile: results/TEST_results.txt
exp_name: 
reader_delimiter_:  
sim_measure_: 1
blocking_algo_: 5
force_fixed_size: 1
sim_use_groups_: 0
sim_use_pattern_: 1
pattern_only_: 1
reorder_by_degree_: 0
tau_: 0.5
col_block_size_: 32
row_block_size_: 32
verbose_: 1
seed_: 0
multiplication_algo: 4
B_cols: 2048
warmup_: 1
exp_repetitions_: 3
n_streams: 16
___________________
matrix,rows,cols,nonzeros,blocking_algo,tau,row_block_size,col_block_size,use_pattern,sim_use_groups,sim_measure,reorder,exp_name,b_cols,warmup,exp_repetitions,multiplication_algo,n_streams,time_to_block,time_to_merge,time_to_compare,VBR_nzcount,VBR_nzblocks_count,VBR_average_height,merge_counter,comparison_counter,average_merge_tau,average_row_distance,avg_time_multiply,std_time_multiply,
data/minitest/ca-HepPh_r.el,12009,12009,118522,5,0.500000,32,32,1,0,1,0,,2048,1,3,4,16,1777930.000000,1733.000000,1759360.000000,30441952,29768,31.958277,3422,1539948,0.039488,1176.822021,226.215302,0.000000,
